<?xml version="1.0" encoding="UTF-8"?>
<coverage generated="1775949229260" clover="3.2.0">
  <project timestamp="1775949229260" name="All files">
    <metrics statements="171" coveredstatements="164" conditionals="106" coveredconditionals="84" methods="54" coveredmethods="49" elements="331" coveredelements="297" complexity="0" loc="171" ncloc="171" packages="1" files="3" classes="3"/>
    <file name="ast.ts" path="/home/runner/work/ReDub/ReDub/src/ast.ts">
      <metrics statements="97" coveredstatements="91" conditionals="71" coveredconditionals="54" methods="21" coveredmethods="21"/>
      <line num="6" count="2" type="stmt"/>
      <line num="7" count="2" type="stmt"/>
      <line num="27" count="10" type="cond" truecount="3" falsecount="0"/>
      <line num="28" count="3" type="stmt"/>
      <line num="32" count="7" type="cond" truecount="1" falsecount="0"/>
      <line num="33" count="1" type="stmt"/>
      <line num="37" count="6" type="stmt"/>
      <line num="39" count="6" type="stmt"/>
      <line num="40" count="6" type="stmt"/>
      <line num="49" count="44" type="stmt"/>
      <line num="58" count="44" type="cond" truecount="4" falsecount="0"/>
      <line num="59" count="7" type="stmt"/>
      <line num="65" count="37" type="stmt"/>
      <line num="75" count="10" type="stmt"/>
      <line num="77" count="10" type="stmt"/>
      <line num="78" count="10" type="cond" truecount="2" falsecount="1"/>
      <line num="80" count="10" type="cond" truecount="2" falsecount="1"/>
      <line num="81" count="10" type="stmt"/>
      <line num="82" count="10" type="stmt"/>
      <line num="85" count="0" type="cond" truecount="0" falsecount="1"/>
      <line num="87" count="0" type="stmt"/>
      <line num="88" count="0" type="cond" truecount="0" falsecount="1"/>
      <line num="89" count="0" type="stmt"/>
      <line num="93" count="10" type="stmt"/>
      <line num="99" count="7" type="stmt"/>
      <line num="101" count="7" type="stmt"/>
      <line num="102" count="10" type="cond" truecount="2" falsecount="1"/>
      <line num="104" count="10" type="cond" truecount="2" falsecount="1"/>
      <line num="105" count="0" type="stmt"/>
      <line num="106" count="0" type="stmt"/>
      <line num="109" count="10" type="cond" truecount="0" falsecount="1"/>
      <line num="111" count="10" type="stmt"/>
      <line num="112" count="10" type="cond" truecount="1" falsecount="0"/>
      <line num="113" count="10" type="stmt"/>
      <line num="117" count="7" type="stmt"/>
      <line num="123" count="23" type="stmt"/>
      <line num="125" count="23" type="stmt"/>
      <line num="126" count="10" type="cond" truecount="2" falsecount="1"/>
      <line num="127" count="10" type="cond" truecount="0" falsecount="1"/>
      <line num="129" count="10" type="stmt"/>
      <line num="131" count="10" type="cond" truecount="3" falsecount="0"/>
      <line num="132" count="2" type="stmt"/>
      <line num="137" count="8" type="cond" truecount="2" falsecount="0"/>
      <line num="138" count="1" type="stmt"/>
      <line num="139" count="7" type="cond" truecount="1" falsecount="0"/>
      <line num="140" count="7" type="stmt"/>
      <line num="144" count="21" type="stmt"/>
      <line num="152" count="10" type="stmt"/>
      <line num="153" count="10" type="stmt"/>
      <line num="165" count="7" type="stmt"/>
      <line num="166" count="7" type="stmt"/>
      <line num="179" count="27" type="stmt"/>
      <line num="181" count="23" type="stmt"/>
      <line num="183" count="23" type="cond" truecount="2" falsecount="0"/>
      <line num="189" count="23" type="stmt"/>
      <line num="205" count="5" type="stmt"/>
      <line num="216" count="5" type="stmt"/>
      <line num="228" count="9" type="stmt"/>
      <line num="230" count="9" type="stmt"/>
      <line num="231" count="10" type="cond" truecount="2" falsecount="1"/>
      <line num="232" count="10" type="cond" truecount="0" falsecount="1"/>
      <line num="234" count="10" type="stmt"/>
      <line num="236" count="10" type="cond" truecount="2" falsecount="0"/>
      <line num="237" count="5" type="stmt"/>
      <line num="238" count="5" type="cond" truecount="1" falsecount="0"/>
      <line num="239" count="5" type="stmt"/>
      <line num="243" count="9" type="stmt"/>
      <line num="247" count="9" type="stmt"/>
      <line num="254" count="10" type="stmt"/>
      <line num="256" count="10" type="stmt"/>
      <line num="257" count="9" type="cond" truecount="2" falsecount="1"/>
      <line num="258" count="9" type="cond" truecount="0" falsecount="1"/>
      <line num="260" count="9" type="stmt"/>
      <line num="261" count="9" type="cond" truecount="1" falsecount="0"/>
      <line num="262" count="9" type="stmt"/>
      <line num="266" count="10" type="stmt"/>
      <line num="270" count="10" type="stmt"/>
      <line num="294" count="2" type="stmt"/>
      <line num="297" count="44" type="cond" truecount="1" falsecount="0"/>
      <line num="298" count="1" type="stmt"/>
      <line num="303" count="43" type="stmt"/>
      <line num="304" count="43" type="stmt"/>
      <line num="307" count="43" type="stmt"/>
      <line num="309" count="43" type="stmt"/>
      <line num="310" count="39" type="cond" truecount="2" falsecount="1"/>
      <line num="311" count="39" type="cond" truecount="0" falsecount="1"/>
      <line num="313" count="39" type="stmt"/>
      <line num="315" count="39" type="cond" truecount="2" falsecount="0"/>
      <line num="316" count="11" type="cond" truecount="1" falsecount="0"/>
      <line num="317" count="1" type="stmt"/>
      <line num="321" count="10" type="stmt"/>
      <line num="322" count="28" type="cond" truecount="4" falsecount="0"/>
      <line num="323" count="2" type="stmt"/>
      <line num="326" count="26" type="cond" truecount="1" falsecount="0"/>
      <line num="327" count="26" type="stmt"/>
      <line num="333" count="34" type="stmt"/>
      <line num="335" count="34" type="stmt"/>
    </file>
    <file name="components.tsx" path="/home/runner/work/ReDub/ReDub/src/components.tsx">
      <metrics statements="6" coveredstatements="6" conditionals="0" coveredconditionals="0" methods="5" coveredmethods="0"/>
      <line num="69" count="2" type="stmt"/>
      <line num="74" count="2" type="stmt"/>
      <line num="80" count="2" type="stmt"/>
      <line num="82" count="2" type="stmt"/>
      <line num="91" count="2" type="stmt"/>
      <line num="100" count="2" type="stmt"/>
    </file>
    <file name="serializer.ts" path="/home/runner/work/ReDub/ReDub/src/serializer.ts">
      <metrics statements="68" coveredstatements="67" conditionals="35" coveredconditionals="30" methods="28" coveredmethods="28"/>
      <line num="21" count="1" type="stmt"/>
      <line num="22" count="1" type="stmt"/>
      <line num="23" count="1" type="stmt"/>
      <line num="24" count="1" type="stmt"/>
      <line num="31" count="93" type="stmt"/>
      <line num="39" count="86" type="stmt"/>
      <line num="40" count="242" type="stmt"/>
      <line num="41" count="83" type="stmt"/>
      <line num="50" count="86" type="stmt"/>
      <line num="51" count="86" type="cond" truecount="1" falsecount="0"/>
      <line num="52" count="21" type="stmt"/>
      <line num="54" count="65" type="stmt"/>
      <line num="62" count="21" type="cond" truecount="4" falsecount="0"/>
      <line num="63" count="18" type="stmt"/>
      <line num="67" count="10" type="cond" truecount="5" falsecount="0"/>
      <line num="68" count="4" type="stmt"/>
      <line num="69" count="6" type="stmt"/>
      <line num="70" count="3" type="cond" truecount="0" falsecount="1"/>
      <line num="71" count="3" type="cond" truecount="1" falsecount="0"/>
      <line num="72" count="0" type="stmt"/>
      <line num="77" count="21" type="cond" truecount="1" falsecount="0"/>
      <line num="78" count="6" type="stmt"/>
      <line num="79" count="7" type="stmt"/>
      <line num="84" count="21" type="cond" truecount="1" falsecount="0"/>
      <line num="85" count="6" type="stmt"/>
      <line num="86" count="6" type="stmt"/>
      <line num="95" count="7" type="stmt"/>
      <line num="99" count="7" type="stmt"/>
      <line num="106" count="7" type="stmt"/>
      <line num="107" count="7" type="cond" truecount="1" falsecount="1"/>
      <line num="109" count="7" type="stmt"/>
      <line num="113" count="4" type="stmt"/>
      <line num="121" count="4" type="stmt"/>
      <line num="122" count="7" type="cond" truecount="1" falsecount="1"/>
      <line num="124" count="4" type="stmt"/>
      <line num="128" count="11" type="stmt"/>
      <line num="141" count="11" type="stmt"/>
      <line num="142" count="4" type="cond" truecount="1" falsecount="1"/>
      <line num="144" count="11" type="stmt"/>
      <line num="148" count="3" type="stmt"/>
      <line num="151" count="3" type="stmt"/>
      <line num="154" count="3" type="cond" truecount="1" falsecount="1"/>
      <line num="155" count="3" type="stmt"/>
      <line num="156" count="3" type="stmt"/>
      <line num="160" count="4" type="stmt"/>
      <line num="166" count="4" type="stmt"/>
      <line num="170" count="6" type="stmt"/>
      <line num="172" count="7" type="cond" truecount="1" falsecount="0"/>
      <line num="173" count="4" type="stmt"/>
      <line num="176" count="6" type="stmt"/>
      <line num="180" count="6" type="stmt"/>
      <line num="181" count="6" type="stmt"/>
      <line num="185" count="21" type="stmt"/>
      <line num="186" count="21" type="stmt"/>
      <line num="202" count="1" type="stmt"/>
      <line num="203" count="21" type="stmt"/>
      <line num="204" count="21" type="stmt"/>
      <line num="205" count="21" type="stmt"/>
      <line num="207" count="21" type="stmt"/>
      <line num="212" count="21" type="cond" truecount="1" falsecount="0"/>
      <line num="213" count="21" type="cond" truecount="1" falsecount="0"/>
      <line num="214" count="21" type="cond" truecount="1" falsecount="0"/>
      <line num="216" count="21" type="cond" truecount="1" falsecount="0"/>
      <line num="217" count="21" type="cond" truecount="1" falsecount="0"/>
      <line num="218" count="21" type="cond" truecount="1" falsecount="0"/>
      <line num="219" count="2" type="stmt"/>
      <line num="222" count="21" type="cond" truecount="2" falsecount="0"/>
      <line num="224" count="21" type="stmt"/>
    </file>
  </project>
</coverage>
