{"/home/runner/work/ReDub/ReDub/src/ast.ts": {"path":"/home/runner/work/ReDub/ReDub/src/ast.ts","statementMap":{"0":{"start":{"line":294,"column":0},"end":{"line":294,"column":16}},"1":{"start":{"line":6,"column":0},"end":{"line":6,"column":26}},"2":{"start":{"line":7,"column":0},"end":{"line":7,"column":59}},"3":{"start":{"line":27,"column":2},"end":{"line":31,"column":3}},"4":{"start":{"line":28,"column":4},"end":{"line":30,"column":6}},"5":{"start":{"line":32,"column":2},"end":{"line":36,"column":3}},"6":{"start":{"line":33,"column":4},"end":{"line":35,"column":6}},"7":{"start":{"line":37,"column":18},"end":{"line":37,"column":30}},"8":{"start":{"line":39,"column":20},"end":{"line":39,"column":60}},"9":{"start":{"line":40,"column":2},"end":{"line":40,"column":25}},"10":{"start":{"line":49,"column":45},"end":{"line":49,"column":null}},"11":{"start":{"line":58,"column":2},"end":{"line":63,"column":3}},"12":{"start":{"line":59,"column":4},"end":{"line":62,"column":6}},"13":{"start":{"line":65,"column":2},"end":{"line":65,"column":29}},"14":{"start":{"line":75,"column":45},"end":{"line":75,"column":47}},"15":{"start":{"line":77,"column":2},"end":{"line":91,"column":5}},"16":{"start":{"line":78,"column":4},"end":{"line":78,"column":49}},"17":{"start":{"line":78,"column":42},"end":{"line":78,"column":49}},"18":{"start":{"line":80,"column":4},"end":{"line":83,"column":5}},"19":{"start":{"line":81,"column":6},"end":{"line":81,"column":58}},"20":{"start":{"line":82,"column":6},"end":{"line":82,"column":13}},"21":{"start":{"line":85,"column":4},"end":{"line":85,"column":45}},"22":{"start":{"line":85,"column":38},"end":{"line":85,"column":45}},"23":{"start":{"line":87,"column":15},"end":{"line":87,"column":67}},"24":{"start":{"line":88,"column":4},"end":{"line":90,"column":5}},"25":{"start":{"line":89,"column":6},"end":{"line":89,"column":41}},"26":{"start":{"line":93,"column":2},"end":{"line":93,"column":16}},"27":{"start":{"line":99,"column":45},"end":{"line":99,"column":47}},"28":{"start":{"line":101,"column":2},"end":{"line":115,"column":5}},"29":{"start":{"line":102,"column":4},"end":{"line":102,"column":49}},"30":{"start":{"line":102,"column":42},"end":{"line":102,"column":49}},"31":{"start":{"line":104,"column":4},"end":{"line":107,"column":5}},"32":{"start":{"line":105,"column":6},"end":{"line":105,"column":58}},"33":{"start":{"line":106,"column":6},"end":{"line":106,"column":13}},"34":{"start":{"line":109,"column":4},"end":{"line":109,"column":45}},"35":{"start":{"line":109,"column":38},"end":{"line":109,"column":45}},"36":{"start":{"line":111,"column":15},"end":{"line":111,"column":67}},"37":{"start":{"line":112,"column":4},"end":{"line":114,"column":5}},"38":{"start":{"line":113,"column":6},"end":{"line":113,"column":41}},"39":{"start":{"line":117,"column":2},"end":{"line":117,"column":16}},"40":{"start":{"line":123,"column":41},"end":{"line":123,"column":43}},"41":{"start":{"line":125,"column":2},"end":{"line":142,"column":5}},"42":{"start":{"line":126,"column":4},"end":{"line":126,"column":49}},"43":{"start":{"line":126,"column":42},"end":{"line":126,"column":49}},"44":{"start":{"line":127,"column":4},"end":{"line":127,"column":45}},"45":{"start":{"line":127,"column":38},"end":{"line":127,"column":45}},"46":{"start":{"line":129,"column":15},"end":{"line":129,"column":67}},"47":{"start":{"line":131,"column":4},"end":{"line":135,"column":5}},"48":{"start":{"line":132,"column":6},"end":{"line":134,"column":8}},"49":{"start":{"line":137,"column":4},"end":{"line":141,"column":5}},"50":{"start":{"line":138,"column":6},"end":{"line":138,"column":40}},"51":{"start":{"line":139,"column":11},"end":{"line":141,"column":5}},"52":{"start":{"line":140,"column":6},"end":{"line":140,"column":38}},"53":{"start":{"line":144,"column":2},"end":{"line":144,"column":16}},"54":{"start":{"line":152,"column":30},"end":{"line":152,"column":55}},"55":{"start":{"line":153,"column":2},"end":{"line":161,"column":4}},"56":{"start":{"line":165,"column":30},"end":{"line":165,"column":55}},"57":{"start":{"line":166,"column":2},"end":{"line":175,"column":4}},"58":{"start":{"line":179,"column":30},"end":{"line":179,"column":55}},"59":{"start":{"line":181,"column":21},"end":{"line":181,"column":70}},"60":{"start":{"line":183,"column":4},"end":{"line":187,"column":20}},"61":{"start":{"line":189,"column":2},"end":{"line":201,"column":4}},"62":{"start":{"line":205,"column":2},"end":{"line":210,"column":4}},"63":{"start":{"line":216,"column":2},"end":{"line":222,"column":4}},"64":{"start":{"line":228,"column":55},"end":{"line":228,"column":57}},"65":{"start":{"line":230,"column":2},"end":{"line":241,"column":5}},"66":{"start":{"line":231,"column":4},"end":{"line":231,"column":49}},"67":{"start":{"line":231,"column":42},"end":{"line":231,"column":49}},"68":{"start":{"line":232,"column":4},"end":{"line":232,"column":45}},"69":{"start":{"line":232,"column":38},"end":{"line":232,"column":45}},"70":{"start":{"line":234,"column":15},"end":{"line":234,"column":67}},"71":{"start":{"line":236,"column":4},"end":{"line":240,"column":5}},"72":{"start":{"line":237,"column":6},"end":{"line":237,"column":42}},"73":{"start":{"line":238,"column":11},"end":{"line":240,"column":5}},"74":{"start":{"line":239,"column":6},"end":{"line":239,"column":50}},"75":{"start":{"line":243,"column":2},"end":{"line":243,"column":16}},"76":{"start":{"line":247,"column":2},"end":{"line":250,"column":4}},"77":{"start":{"line":254,"column":38},"end":{"line":254,"column":40}},"78":{"start":{"line":256,"column":2},"end":{"line":264,"column":5}},"79":{"start":{"line":257,"column":4},"end":{"line":257,"column":49}},"80":{"start":{"line":257,"column":42},"end":{"line":257,"column":49}},"81":{"start":{"line":258,"column":4},"end":{"line":258,"column":45}},"82":{"start":{"line":258,"column":38},"end":{"line":258,"column":45}},"83":{"start":{"line":260,"column":15},"end":{"line":260,"column":67}},"84":{"start":{"line":261,"column":4},"end":{"line":263,"column":5}},"85":{"start":{"line":262,"column":6},"end":{"line":262,"column":45}},"86":{"start":{"line":266,"column":2},"end":{"line":266,"column":16}},"87":{"start":{"line":270,"column":2},"end":{"line":273,"column":4}},"88":{"start":{"line":297,"column":2},"end":{"line":301,"column":3}},"89":{"start":{"line":298,"column":4},"end":{"line":300,"column":6}},"90":{"start":{"line":303,"column":16},"end":{"line":303,"column":56}},"91":{"start":{"line":304,"column":19},"end":{"line":304,"column":52}},"92":{"start":{"line":307,"column":39},"end":{"line":307,"column":41}},"93":{"start":{"line":309,"column":2},"end":{"line":331,"column":5}},"94":{"start":{"line":310,"column":4},"end":{"line":310,"column":49}},"95":{"start":{"line":310,"column":42},"end":{"line":310,"column":49}},"96":{"start":{"line":311,"column":4},"end":{"line":311,"column":45}},"97":{"start":{"line":311,"column":38},"end":{"line":311,"column":45}},"98":{"start":{"line":313,"column":15},"end":{"line":313,"column":67}},"99":{"start":{"line":315,"column":4},"end":{"line":328,"column":5}},"100":{"start":{"line":316,"column":6},"end":{"line":320,"column":7}},"101":{"start":{"line":317,"column":8},"end":{"line":319,"column":10}},"102":{"start":{"line":321,"column":6},"end":{"line":321,"column":35}},"103":{"start":{"line":322,"column":11},"end":{"line":328,"column":5}},"104":{"start":{"line":323,"column":6},"end":{"line":325,"column":8}},"105":{"start":{"line":326,"column":11},"end":{"line":328,"column":5}},"106":{"start":{"line":327,"column":6},"end":{"line":327,"column":46}},"107":{"start":{"line":333,"column":27},"end":{"line":333,"column":73}},"108":{"start":{"line":335,"column":2},"end":{"line":343,"column":4}}},"fnMap":{"0":{"name":"framesToTime","decl":{"start":{"line":26,"column":9},"end":{"line":26,"column":21}},"loc":{"start":{"line":26,"column":49},"end":{"line":41,"column":1}}},"1":{"name":"resolveTimingProps","decl":{"start":{"line":44,"column":9},"end":{"line":44,"column":27}},"loc":{"start":{"line":44,"column":58},"end":{"line":66,"column":1}}},"2":{"name":"compileSpanChildren","decl":{"start":{"line":72,"column":9},"end":{"line":72,"column":28}},"loc":{"start":{"line":73,"column":27},"end":{"line":94,"column":1}}},"3":{"name":"(anonymous_4)","decl":{"start":{"line":77,"column":35},"end":{"line":77,"column":36}},"loc":{"start":{"line":77,"column":45},"end":{"line":91,"column":3}}},"4":{"name":"compilePChildren","decl":{"start":{"line":96,"column":9},"end":{"line":96,"column":25}},"loc":{"start":{"line":97,"column":27},"end":{"line":118,"column":1}}},"5":{"name":"(anonymous_6)","decl":{"start":{"line":101,"column":35},"end":{"line":101,"column":36}},"loc":{"start":{"line":101,"column":45},"end":{"line":115,"column":3}}},"6":{"name":"compileDivChildren","decl":{"start":{"line":120,"column":9},"end":{"line":120,"column":27}},"loc":{"start":{"line":121,"column":27},"end":{"line":145,"column":1}}},"7":{"name":"(anonymous_8)","decl":{"start":{"line":125,"column":35},"end":{"line":125,"column":36}},"loc":{"start":{"line":125,"column":45},"end":{"line":142,"column":3}}},"8":{"name":"compileSpan","decl":{"start":{"line":151,"column":9},"end":{"line":151,"column":20}},"loc":{"start":{"line":151,"column":51},"end":{"line":162,"column":1}}},"9":{"name":"compileP","decl":{"start":{"line":164,"column":9},"end":{"line":164,"column":17}},"loc":{"start":{"line":164,"column":48},"end":{"line":176,"column":1}}},"10":{"name":"compileDiv","decl":{"start":{"line":178,"column":9},"end":{"line":178,"column":19}},"loc":{"start":{"line":178,"column":50},"end":{"line":202,"column":1}}},"11":{"name":"compileAgent","decl":{"start":{"line":204,"column":9},"end":{"line":204,"column":21}},"loc":{"start":{"line":204,"column":52},"end":{"line":211,"column":1}}},"12":{"name":"compilePronunciation","decl":{"start":{"line":213,"column":9},"end":{"line":213,"column":29}},"loc":{"start":{"line":214,"column":32},"end":{"line":223,"column":1}}},"13":{"name":"compileMetadataChildren","decl":{"start":{"line":225,"column":9},"end":{"line":225,"column":32}},"loc":{"start":{"line":226,"column":27},"end":{"line":244,"column":1}}},"14":{"name":"(anonymous_15)","decl":{"start":{"line":230,"column":35},"end":{"line":230,"column":36}},"loc":{"start":{"line":230,"column":45},"end":{"line":241,"column":3}}},"15":{"name":"compileMetadata","decl":{"start":{"line":246,"column":9},"end":{"line":246,"column":24}},"loc":{"start":{"line":246,"column":55},"end":{"line":251,"column":1}}},"16":{"name":"compileHeadChildren","decl":{"start":{"line":253,"column":9},"end":{"line":253,"column":28}},"loc":{"start":{"line":253,"column":54},"end":{"line":267,"column":1}}},"17":{"name":"(anonymous_18)","decl":{"start":{"line":256,"column":35},"end":{"line":256,"column":36}},"loc":{"start":{"line":256,"column":45},"end":{"line":264,"column":3}}},"18":{"name":"compileHead","decl":{"start":{"line":269,"column":9},"end":{"line":269,"column":20}},"loc":{"start":{"line":269,"column":51},"end":{"line":274,"column":1}}},"19":{"name":"compile","decl":{"start":{"line":294,"column":16},"end":{"line":294,"column":23}},"loc":{"start":{"line":295,"column":29},"end":{"line":344,"column":1}}},"20":{"name":"(anonymous_21)","decl":{"start":{"line":309,"column":35},"end":{"line":309,"column":36}},"loc":{"start":{"line":309,"column":45},"end":{"line":331,"column":3}}}},"branchMap":{"0":{"loc":{"start":{"line":27,"column":2},"end":{"line":31,"column":3}},"type":"if","locations":[{"start":{"line":27,"column":2},"end":{"line":31,"column":3}}]},"1":{"loc":{"start":{"line":27,"column":6},"end":{"line":27,"column":39}},"type":"binary-expr","locations":[{"start":{"line":27,"column":6},"end":{"line":27,"column":27}},{"start":{"line":27,"column":31},"end":{"line":27,"column":39}}]},"2":{"loc":{"start":{"line":32,"column":2},"end":{"line":36,"column":3}},"type":"if","locations":[{"start":{"line":32,"column":2},"end":{"line":36,"column":3}}]},"3":{"loc":{"start":{"line":58,"column":2},"end":{"line":63,"column":3}},"type":"if","locations":[{"start":{"line":58,"column":2},"end":{"line":63,"column":3}}]},"4":{"loc":{"start":{"line":58,"column":6},"end":{"line":58,"column":67}},"type":"binary-expr","locations":[{"start":{"line":58,"column":7},"end":{"line":58,"column":25}},{"start":{"line":58,"column":29},"end":{"line":58,"column":45}},{"start":{"line":58,"column":50},"end":{"line":58,"column":67}}]},"5":{"loc":{"start":{"line":60,"column":13},"end":{"line":60,"column":69}},"type":"cond-expr","locations":[{"start":{"line":60,"column":34},"end":{"line":60,"column":57}},{"start":{"line":60,"column":60},"end":{"line":60,"column":69}}]},"6":{"loc":{"start":{"line":61,"column":11},"end":{"line":61,"column":63}},"type":"cond-expr","locations":[{"start":{"line":61,"column":30},"end":{"line":61,"column":51}},{"start":{"line":61,"column":54},"end":{"line":61,"column":63}}]},"7":{"loc":{"start":{"line":78,"column":4},"end":{"line":78,"column":49}},"type":"if","locations":[{"start":{"line":78,"column":4},"end":{"line":78,"column":49}}]},"8":{"loc":{"start":{"line":78,"column":8},"end":{"line":78,"column":40}},"type":"binary-expr","locations":[{"start":{"line":78,"column":8},"end":{"line":78,"column":21}},{"start":{"line":78,"column":25},"end":{"line":78,"column":40}}]},"9":{"loc":{"start":{"line":80,"column":4},"end":{"line":83,"column":5}},"type":"if","locations":[{"start":{"line":80,"column":4},"end":{"line":83,"column":5}}]},"10":{"loc":{"start":{"line":80,"column":8},"end":{"line":80,"column":62}},"type":"binary-expr","locations":[{"start":{"line":80,"column":8},"end":{"line":80,"column":33}},{"start":{"line":80,"column":37},"end":{"line":80,"column":62}}]},"11":{"loc":{"start":{"line":85,"column":4},"end":{"line":85,"column":45}},"type":"if","locations":[{"start":{"line":85,"column":4},"end":{"line":85,"column":45}}]},"12":{"loc":{"start":{"line":88,"column":4},"end":{"line":90,"column":5}},"type":"if","locations":[{"start":{"line":88,"column":4},"end":{"line":90,"column":5}}]},"13":{"loc":{"start":{"line":102,"column":4},"end":{"line":102,"column":49}},"type":"if","locations":[{"start":{"line":102,"column":4},"end":{"line":102,"column":49}}]},"14":{"loc":{"start":{"line":102,"column":8},"end":{"line":102,"column":40}},"type":"binary-expr","locations":[{"start":{"line":102,"column":8},"end":{"line":102,"column":21}},{"start":{"line":102,"column":25},"end":{"line":102,"column":40}}]},"15":{"loc":{"start":{"line":104,"column":4},"end":{"line":107,"column":5}},"type":"if","locations":[{"start":{"line":104,"column":4},"end":{"line":107,"column":5}}]},"16":{"loc":{"start":{"line":104,"column":8},"end":{"line":104,"column":62}},"type":"binary-expr","locations":[{"start":{"line":104,"column":8},"end":{"line":104,"column":33}},{"start":{"line":104,"column":37},"end":{"line":104,"column":62}}]},"17":{"loc":{"start":{"line":109,"column":4},"end":{"line":109,"column":45}},"type":"if","locations":[{"start":{"line":109,"column":4},"end":{"line":109,"column":45}}]},"18":{"loc":{"start":{"line":112,"column":4},"end":{"line":114,"column":5}},"type":"if","locations":[{"start":{"line":112,"column":4},"end":{"line":114,"column":5}}]},"19":{"loc":{"start":{"line":126,"column":4},"end":{"line":126,"column":49}},"type":"if","locations":[{"start":{"line":126,"column":4},"end":{"line":126,"column":49}}]},"20":{"loc":{"start":{"line":126,"column":8},"end":{"line":126,"column":40}},"type":"binary-expr","locations":[{"start":{"line":126,"column":8},"end":{"line":126,"column":21}},{"start":{"line":126,"column":25},"end":{"line":126,"column":40}}]},"21":{"loc":{"start":{"line":127,"column":4},"end":{"line":127,"column":45}},"type":"if","locations":[{"start":{"line":127,"column":4},"end":{"line":127,"column":45}}]},"22":{"loc":{"start":{"line":131,"column":4},"end":{"line":135,"column":5}},"type":"if","locations":[{"start":{"line":131,"column":4},"end":{"line":135,"column":5}}]},"23":{"loc":{"start":{"line":131,"column":8},"end":{"line":131,"column":54}},"type":"binary-expr","locations":[{"start":{"line":131,"column":8},"end":{"line":131,"column":25}},{"start":{"line":131,"column":29},"end":{"line":131,"column":54}}]},"24":{"loc":{"start":{"line":133,"column":12},"end":{"line":133,"column":57}},"type":"cond-expr","locations":[{"start":{"line":133,"column":32},"end":{"line":133,"column":39}},{"start":{"line":133,"column":42},"end":{"line":133,"column":57}}]},"25":{"loc":{"start":{"line":137,"column":4},"end":{"line":141,"column":5}},"type":"if","locations":[{"start":{"line":137,"column":4},"end":{"line":141,"column":5}},{"start":{"line":139,"column":11},"end":{"line":141,"column":5}}]},"26":{"loc":{"start":{"line":139,"column":11},"end":{"line":141,"column":5}},"type":"if","locations":[{"start":{"line":139,"column":11},"end":{"line":141,"column":5}}]},"27":{"loc":{"start":{"line":183,"column":4},"end":{"line":187,"column":20}},"type":"cond-expr","locations":[{"start":{"line":184,"column":8},"end":{"line":184,"column":17}},{"start":{"line":185,"column":8},"end":{"line":187,"column":20}}]},"28":{"loc":{"start":{"line":185,"column":8},"end":{"line":187,"column":20}},"type":"cond-expr","locations":[{"start":{"line":186,"column":8},"end":{"line":186,"column":18}},{"start":{"line":187,"column":8},"end":{"line":187,"column":20}}]},"29":{"loc":{"start":{"line":231,"column":4},"end":{"line":231,"column":49}},"type":"if","locations":[{"start":{"line":231,"column":4},"end":{"line":231,"column":49}}]},"30":{"loc":{"start":{"line":231,"column":8},"end":{"line":231,"column":40}},"type":"binary-expr","locations":[{"start":{"line":231,"column":8},"end":{"line":231,"column":21}},{"start":{"line":231,"column":25},"end":{"line":231,"column":40}}]},"31":{"loc":{"start":{"line":232,"column":4},"end":{"line":232,"column":45}},"type":"if","locations":[{"start":{"line":232,"column":4},"end":{"line":232,"column":45}}]},"32":{"loc":{"start":{"line":236,"column":4},"end":{"line":240,"column":5}},"type":"if","locations":[{"start":{"line":236,"column":4},"end":{"line":240,"column":5}},{"start":{"line":238,"column":11},"end":{"line":240,"column":5}}]},"33":{"loc":{"start":{"line":238,"column":11},"end":{"line":240,"column":5}},"type":"if","locations":[{"start":{"line":238,"column":11},"end":{"line":240,"column":5}}]},"34":{"loc":{"start":{"line":257,"column":4},"end":{"line":257,"column":49}},"type":"if","locations":[{"start":{"line":257,"column":4},"end":{"line":257,"column":49}}]},"35":{"loc":{"start":{"line":257,"column":8},"end":{"line":257,"column":40}},"type":"binary-expr","locations":[{"start":{"line":257,"column":8},"end":{"line":257,"column":21}},{"start":{"line":257,"column":25},"end":{"line":257,"column":40}}]},"36":{"loc":{"start":{"line":258,"column":4},"end":{"line":258,"column":45}},"type":"if","locations":[{"start":{"line":258,"column":4},"end":{"line":258,"column":45}}]},"37":{"loc":{"start":{"line":261,"column":4},"end":{"line":263,"column":5}},"type":"if","locations":[{"start":{"line":261,"column":4},"end":{"line":263,"column":5}}]},"38":{"loc":{"start":{"line":297,"column":2},"end":{"line":301,"column":3}},"type":"if","locations":[{"start":{"line":297,"column":2},"end":{"line":301,"column":3}}]},"39":{"loc":{"start":{"line":310,"column":4},"end":{"line":310,"column":49}},"type":"if","locations":[{"start":{"line":310,"column":4},"end":{"line":310,"column":49}}]},"40":{"loc":{"start":{"line":310,"column":8},"end":{"line":310,"column":40}},"type":"binary-expr","locations":[{"start":{"line":310,"column":8},"end":{"line":310,"column":21}},{"start":{"line":310,"column":25},"end":{"line":310,"column":40}}]},"41":{"loc":{"start":{"line":311,"column":4},"end":{"line":311,"column":45}},"type":"if","locations":[{"start":{"line":311,"column":4},"end":{"line":311,"column":45}}]},"42":{"loc":{"start":{"line":315,"column":4},"end":{"line":328,"column":5}},"type":"if","locations":[{"start":{"line":315,"column":4},"end":{"line":328,"column":5}},{"start":{"line":322,"column":11},"end":{"line":328,"column":5}}]},"43":{"loc":{"start":{"line":316,"column":6},"end":{"line":320,"column":7}},"type":"if","locations":[{"start":{"line":316,"column":6},"end":{"line":320,"column":7}}]},"44":{"loc":{"start":{"line":322,"column":11},"end":{"line":328,"column":5}},"type":"if","locations":[{"start":{"line":322,"column":11},"end":{"line":328,"column":5}},{"start":{"line":326,"column":11},"end":{"line":328,"column":5}}]},"45":{"loc":{"start":{"line":322,"column":15},"end":{"line":322,"column":61}},"type":"binary-expr","locations":[{"start":{"line":322,"column":15},"end":{"line":322,"column":32}},{"start":{"line":322,"column":36},"end":{"line":322,"column":61}}]},"46":{"loc":{"start":{"line":324,"column":12},"end":{"line":324,"column":57}},"type":"cond-expr","locations":[{"start":{"line":324,"column":32},"end":{"line":324,"column":39}},{"start":{"line":324,"column":42},"end":{"line":324,"column":57}}]},"47":{"loc":{"start":{"line":326,"column":11},"end":{"line":328,"column":5}},"type":"if","locations":[{"start":{"line":326,"column":11},"end":{"line":328,"column":5}}]}},"s":{"0":2,"1":2,"2":2,"3":10,"4":3,"5":7,"6":1,"7":6,"8":6,"9":6,"10":44,"11":44,"12":7,"13":37,"14":10,"15":10,"16":10,"17":0,"18":10,"19":10,"20":10,"21":0,"22":0,"23":0,"24":0,"25":0,"26":10,"27":7,"28":7,"29":10,"30":0,"31":10,"32":0,"33":0,"34":10,"35":0,"36":10,"37":10,"38":10,"39":7,"40":23,"41":23,"42":10,"43":0,"44":10,"45":0,"46":10,"47":10,"48":2,"49":8,"50":1,"51":7,"52":7,"53":21,"54":10,"55":10,"56":7,"57":7,"58":27,"59":23,"60":23,"61":23,"62":5,"63":5,"64":9,"65":9,"66":10,"67":0,"68":10,"69":0,"70":10,"71":10,"72":5,"73":5,"74":5,"75":9,"76":9,"77":10,"78":10,"79":9,"80":0,"81":9,"82":0,"83":9,"84":9,"85":9,"86":10,"87":10,"88":44,"89":1,"90":43,"91":43,"92":43,"93":43,"94":39,"95":0,"96":39,"97":0,"98":39,"99":39,"100":11,"101":1,"102":10,"103":28,"104":2,"105":26,"106":26,"107":34,"108":34},"f":{"0":10,"1":44,"2":10,"3":10,"4":7,"5":10,"6":23,"7":10,"8":10,"9":7,"10":27,"11":5,"12":5,"13":9,"14":10,"15":9,"16":10,"17":9,"18":10,"19":44,"20":39},"b":{"0":[3],"1":[10,9],"2":[1],"3":[7],"4":[44,37,7],"5":[7,0],"6":[3,0],"7":[0],"8":[10,10],"9":[10],"10":[10,0],"11":[0],"12":[0],"13":[0],"14":[10,10],"15":[0],"16":[10,10],"17":[0],"18":[10],"19":[0],"20":[10,10],"21":[0],"22":[2],"23":[10,9],"24":[1,1],"25":[1,7],"26":[7],"27":[19,4],"28":[2,2],"29":[0],"30":[10,10],"31":[0],"32":[5,5],"33":[5],"34":[0],"35":[9,9],"36":[0],"37":[9],"38":[1],"39":[0],"40":[39,39],"41":[0],"42":[11,28],"43":[1],"44":[2,26],"45":[28,27],"46":[1,1],"47":[26]}}
,"/home/runner/work/ReDub/ReDub/src/components.tsx": {"path":"/home/runner/work/ReDub/ReDub/src/components.tsx","statementMap":{"0":{"start":{"line":69,"column":40},"end":{"line":69,"column":50}},"1":{"start":{"line":69,"column":46},"end":{"line":69,"column":50}},"2":{"start":{"line":74,"column":34},"end":{"line":74,"column":44}},"3":{"start":{"line":74,"column":40},"end":{"line":74,"column":44}},"4":{"start":{"line":80,"column":42},"end":{"line":80,"column":52}},"5":{"start":{"line":80,"column":48},"end":{"line":80,"column":52}},"6":{"start":{"line":82,"column":13},"end":{"line":82,"column":66}},"7":{"start":{"line":91,"column":43},"end":{"line":91,"column":53}},"8":{"start":{"line":91,"column":49},"end":{"line":91,"column":53}},"9":{"start":{"line":91,"column":13},"end":{"line":91,"column":43}},"10":{"start":{"line":100,"column":59},"end":{"line":100,"column":69}},"11":{"start":{"line":100,"column":65},"end":{"line":100,"column":69}},"12":{"start":{"line":100,"column":13},"end":{"line":100,"column":59}}},"fnMap":{"0":{"name":"(anonymous_0)","decl":{"start":{"line":69,"column":40},"end":{"line":69,"column":43}},"loc":{"start":{"line":69,"column":46},"end":{"line":69,"column":50}}},"1":{"name":"(anonymous_1)","decl":{"start":{"line":74,"column":34},"end":{"line":74,"column":37}},"loc":{"start":{"line":74,"column":40},"end":{"line":74,"column":44}}},"2":{"name":"(anonymous_2)","decl":{"start":{"line":80,"column":42},"end":{"line":80,"column":45}},"loc":{"start":{"line":80,"column":48},"end":{"line":80,"column":52}}},"3":{"name":"(anonymous_3)","decl":{"start":{"line":91,"column":43},"end":{"line":91,"column":46}},"loc":{"start":{"line":91,"column":49},"end":{"line":91,"column":53}}},"4":{"name":"(anonymous_4)","decl":{"start":{"line":100,"column":59},"end":{"line":100,"column":62}},"loc":{"start":{"line":100,"column":65},"end":{"line":100,"column":69}}}},"branchMap":{},"s":{"0":2,"1":0,"2":2,"3":0,"4":2,"5":0,"6":2,"7":2,"8":0,"9":2,"10":2,"11":0,"12":2},"f":{"0":0,"1":0,"2":0,"3":0,"4":0},"b":{}}
,"/home/runner/work/ReDub/ReDub/src/serializer.ts": {"path":"/home/runner/work/ReDub/ReDub/src/serializer.ts","statementMap":{"0":{"start":{"line":202,"column":0},"end":{"line":202,"column":16}},"1":{"start":{"line":21,"column":16},"end":{"line":21,"column":43}},"2":{"start":{"line":22,"column":15},"end":{"line":22,"column":51}},"3":{"start":{"line":23,"column":16},"end":{"line":23,"column":35}},"4":{"start":{"line":24,"column":17},"end":{"line":24,"column":38}},"5":{"start":{"line":31,"column":2},"end":{"line":35,"column":29}},"6":{"start":{"line":39,"column":2},"end":{"line":42,"column":14}},"7":{"start":{"line":40,"column":23},"end":{"line":40,"column":38}},"8":{"start":{"line":41,"column":21},"end":{"line":41,"column":53}},"9":{"start":{"line":50,"column":18},"end":{"line":50,"column":38}},"10":{"start":{"line":51,"column":2},"end":{"line":53,"column":3}},"11":{"start":{"line":52,"column":4},"end":{"line":52,"column":33}},"12":{"start":{"line":54,"column":2},"end":{"line":54,"column":50}},"13":{"start":{"line":62,"column":2},"end":{"line":62,"column":73}},"14":{"start":{"line":62,"column":61},"end":{"line":62,"column":73}},"15":{"start":{"line":63,"column":2},"end":{"line":63,"column":54}},"16":{"start":{"line":67,"column":2},"end":{"line":68,"column":16}},"17":{"start":{"line":68,"column":4},"end":{"line":68,"column":16}},"18":{"start":{"line":69,"column":2},"end":{"line":73,"column":5}},"19":{"start":{"line":70,"column":4},"end":{"line":70,"column":65}},"20":{"start":{"line":70,"column":30},"end":{"line":70,"column":65}},"21":{"start":{"line":71,"column":4},"end":{"line":71,"column":63}},"22":{"start":{"line":71,"column":28},"end":{"line":71,"column":63}},"23":{"start":{"line":72,"column":4},"end":{"line":72,"column":17}},"24":{"start":{"line":77,"column":2},"end":{"line":77,"column":30}},"25":{"start":{"line":77,"column":17},"end":{"line":77,"column":30}},"26":{"start":{"line":78,"column":2},"end":{"line":80,"column":4}},"27":{"start":{"line":79,"column":4},"end":{"line":79,"column":57}},"28":{"start":{"line":79,"column":30},"end":{"line":79,"column":56}},"29":{"start":{"line":84,"column":2},"end":{"line":84,"column":30}},"30":{"start":{"line":84,"column":17},"end":{"line":84,"column":30}},"31":{"start":{"line":85,"column":2},"end":{"line":87,"column":4}},"32":{"start":{"line":86,"column":4},"end":{"line":86,"column":49}},"33":{"start":{"line":86,"column":30},"end":{"line":86,"column":48}},"34":{"start":{"line":95,"column":2},"end":{"line":95,"column":28}},"35":{"start":{"line":99,"column":52},"end":{"line":105,"column":4}},"36":{"start":{"line":106,"column":19},"end":{"line":108,"column":13}},"37":{"start":{"line":107,"column":17},"end":{"line":107,"column":72}},"38":{"start":{"line":109,"column":2},"end":{"line":109,"column":42}},"39":{"start":{"line":113,"column":52},"end":{"line":120,"column":4}},"40":{"start":{"line":121,"column":19},"end":{"line":123,"column":13}},"41":{"start":{"line":122,"column":17},"end":{"line":122,"column":72}},"42":{"start":{"line":124,"column":2},"end":{"line":124,"column":39}},"43":{"start":{"line":128,"column":52},"end":{"line":140,"column":4}},"44":{"start":{"line":141,"column":19},"end":{"line":143,"column":13}},"45":{"start":{"line":142,"column":17},"end":{"line":142,"column":67}},"46":{"start":{"line":144,"column":2},"end":{"line":144,"column":41}},"47":{"start":{"line":148,"column":52},"end":{"line":150,"column":4}},"48":{"start":{"line":151,"column":56},"end":{"line":153,"column":4}},"49":{"start":{"line":154,"column":22},"end":{"line":154,"column":58}},"50":{"start":{"line":155,"column":17},"end":{"line":155,"column":60}},"51":{"start":{"line":156,"column":2},"end":{"line":156,"column":45}},"52":{"start":{"line":160,"column":52},"end":{"line":165,"column":4}},"53":{"start":{"line":166,"column":2},"end":{"line":166,"column":51}},"54":{"start":{"line":170,"column":19},"end":{"line":175,"column":13}},"55":{"start":{"line":172,"column":6},"end":{"line":172,"column":55}},"56":{"start":{"line":172,"column":30},"end":{"line":172,"column":55}},"57":{"start":{"line":173,"column":6},"end":{"line":173,"column":39}},"58":{"start":{"line":176,"column":2},"end":{"line":176,"column":43}},"59":{"start":{"line":180,"column":19},"end":{"line":180,"column":64}},"60":{"start":{"line":181,"column":2},"end":{"line":181,"column":39}},"61":{"start":{"line":185,"column":19},"end":{"line":185,"column":59}},"62":{"start":{"line":186,"column":2},"end":{"line":186,"column":39}},"63":{"start":{"line":203,"column":20},"end":{"line":203,"column":42}},"64":{"start":{"line":204,"column":21},"end":{"line":204,"column":44}},"65":{"start":{"line":205,"column":19},"end":{"line":205,"column":38}},"66":{"start":{"line":207,"column":52},"end":{"line":210,"column":4}},"67":{"start":{"line":212,"column":2},"end":{"line":212,"column":44}},"68":{"start":{"line":212,"column":16},"end":{"line":212,"column":44}},"69":{"start":{"line":213,"column":2},"end":{"line":213,"column":47}},"70":{"start":{"line":213,"column":17},"end":{"line":213,"column":47}},"71":{"start":{"line":214,"column":2},"end":{"line":214,"column":50}},"72":{"start":{"line":214,"column":18},"end":{"line":214,"column":50}},"73":{"start":{"line":216,"column":2},"end":{"line":216,"column":55}},"74":{"start":{"line":216,"column":19},"end":{"line":216,"column":55}},"75":{"start":{"line":217,"column":2},"end":{"line":217,"column":64}},"76":{"start":{"line":217,"column":22},"end":{"line":217,"column":64}},"77":{"start":{"line":218,"column":2},"end":{"line":219,"column":68}},"78":{"start":{"line":219,"column":4},"end":{"line":219,"column":68}},"79":{"start":{"line":222,"column":4},"end":{"line":222,"column":71}},"80":{"start":{"line":224,"column":2},"end":{"line":224,"column":85}}},"fnMap":{"0":{"name":"escape","decl":{"start":{"line":30,"column":9},"end":{"line":30,"column":15}},"loc":{"start":{"line":30,"column":29},"end":{"line":36,"column":1}}},"1":{"name":"attrsToString","decl":{"start":{"line":38,"column":9},"end":{"line":38,"column":22}},"loc":{"start":{"line":38,"column":64},"end":{"line":43,"column":1}}},"2":{"name":"(anonymous_2)","decl":{"start":{"line":40,"column":12},"end":{"line":40,"column":13}},"loc":{"start":{"line":40,"column":23},"end":{"line":40,"column":38}}},"3":{"name":"(anonymous_3)","decl":{"start":{"line":41,"column":9},"end":{"line":41,"column":10}},"loc":{"start":{"line":41,"column":21},"end":{"line":41,"column":53}}},"4":{"name":"element","decl":{"start":{"line":45,"column":9},"end":{"line":45,"column":16}},"loc":{"start":{"line":48,"column":18},"end":{"line":55,"column":1}}},"5":{"name":"hasDaptAttributes","decl":{"start":{"line":61,"column":9},"end":{"line":61,"column":26}},"loc":{"start":{"line":61,"column":44},"end":{"line":64,"column":1}}},"6":{"name":"divHasDaptAttributes","decl":{"start":{"line":66,"column":9},"end":{"line":66,"column":29}},"loc":{"start":{"line":66,"column":42},"end":{"line":74,"column":1}}},"7":{"name":"(anonymous_7)","decl":{"start":{"line":69,"column":27},"end":{"line":69,"column":28}},"loc":{"start":{"line":69,"column":37},"end":{"line":73,"column":3}}},"8":{"name":"hasRedubExtensions","decl":{"start":{"line":76,"column":9},"end":{"line":76,"column":27}},"loc":{"start":{"line":76,"column":45},"end":{"line":81,"column":1}}},"9":{"name":"(anonymous_9)","decl":{"start":{"line":78,"column":32},"end":{"line":78,"column":33}},"loc":{"start":{"line":79,"column":4},"end":{"line":79,"column":57}}},"10":{"name":"(anonymous_10)","decl":{"start":{"line":79,"column":23},"end":{"line":79,"column":24}},"loc":{"start":{"line":79,"column":30},"end":{"line":79,"column":56}}},"11":{"name":"hasTtmMetadata","decl":{"start":{"line":83,"column":9},"end":{"line":83,"column":23}},"loc":{"start":{"line":83,"column":41},"end":{"line":88,"column":1}}},"12":{"name":"(anonymous_12)","decl":{"start":{"line":85,"column":32},"end":{"line":85,"column":33}},"loc":{"start":{"line":86,"column":4},"end":{"line":86,"column":49}}},"13":{"name":"(anonymous_13)","decl":{"start":{"line":86,"column":23},"end":{"line":86,"column":24}},"loc":{"start":{"line":86,"column":30},"end":{"line":86,"column":48}}},"14":{"name":"serializeText","decl":{"start":{"line":94,"column":9},"end":{"line":94,"column":22}},"loc":{"start":{"line":94,"column":37},"end":{"line":96,"column":1}}},"15":{"name":"serializeSpan","decl":{"start":{"line":98,"column":9},"end":{"line":98,"column":22}},"loc":{"start":{"line":98,"column":37},"end":{"line":110,"column":1}}},"16":{"name":"(anonymous_16)","decl":{"start":{"line":107,"column":9},"end":{"line":107,"column":10}},"loc":{"start":{"line":107,"column":17},"end":{"line":107,"column":72}}},"17":{"name":"serializeP","decl":{"start":{"line":112,"column":9},"end":{"line":112,"column":19}},"loc":{"start":{"line":112,"column":31},"end":{"line":125,"column":1}}},"18":{"name":"(anonymous_18)","decl":{"start":{"line":122,"column":9},"end":{"line":122,"column":10}},"loc":{"start":{"line":122,"column":17},"end":{"line":122,"column":72}}},"19":{"name":"serializeDiv","decl":{"start":{"line":127,"column":9},"end":{"line":127,"column":21}},"loc":{"start":{"line":127,"column":35},"end":{"line":145,"column":1}}},"20":{"name":"(anonymous_20)","decl":{"start":{"line":142,"column":9},"end":{"line":142,"column":10}},"loc":{"start":{"line":142,"column":17},"end":{"line":142,"column":67}}},"21":{"name":"serializeAgent","decl":{"start":{"line":147,"column":9},"end":{"line":147,"column":23}},"loc":{"start":{"line":147,"column":39},"end":{"line":157,"column":1}}},"22":{"name":"serializePronunciation","decl":{"start":{"line":159,"column":9},"end":{"line":159,"column":31}},"loc":{"start":{"line":159,"column":55},"end":{"line":167,"column":1}}},"23":{"name":"serializeMetadata","decl":{"start":{"line":169,"column":9},"end":{"line":169,"column":26}},"loc":{"start":{"line":169,"column":45},"end":{"line":177,"column":1}}},"24":{"name":"(anonymous_24)","decl":{"start":{"line":171,"column":9},"end":{"line":171,"column":10}},"loc":{"start":{"line":171,"column":15},"end":{"line":174,"column":5}}},"25":{"name":"serializeHead","decl":{"start":{"line":179,"column":9},"end":{"line":179,"column":22}},"loc":{"start":{"line":179,"column":37},"end":{"line":182,"column":1}}},"26":{"name":"serializeBody","decl":{"start":{"line":184,"column":9},"end":{"line":184,"column":22}},"loc":{"start":{"line":184,"column":37},"end":{"line":187,"column":1}}},"27":{"name":"serialize","decl":{"start":{"line":202,"column":16},"end":{"line":202,"column":25}},"loc":{"start":{"line":202,"column":43},"end":{"line":225,"column":1}}}},"branchMap":{"0":{"loc":{"start":{"line":51,"column":2},"end":{"line":53,"column":3}},"type":"if","locations":[{"start":{"line":51,"column":2},"end":{"line":53,"column":3}}]},"1":{"loc":{"start":{"line":62,"column":2},"end":{"line":62,"column":73}},"type":"if","locations":[{"start":{"line":62,"column":2},"end":{"line":62,"column":73}}]},"2":{"loc":{"start":{"line":62,"column":6},"end":{"line":62,"column":59}},"type":"binary-expr","locations":[{"start":{"line":62,"column":6},"end":{"line":62,"column":17}},{"start":{"line":62,"column":21},"end":{"line":62,"column":35}},{"start":{"line":62,"column":39},"end":{"line":62,"column":59}}]},"3":{"loc":{"start":{"line":67,"column":2},"end":{"line":68,"column":16}},"type":"if","locations":[{"start":{"line":67,"column":2},"end":{"line":68,"column":16}}]},"4":{"loc":{"start":{"line":67,"column":6},"end":{"line":67,"column":78}},"type":"binary-expr","locations":[{"start":{"line":67,"column":6},"end":{"line":67,"column":20}},{"start":{"line":67,"column":24},"end":{"line":67,"column":33}},{"start":{"line":67,"column":37},"end":{"line":67,"column":48}},{"start":{"line":67,"column":52},"end":{"line":67,"column":78}}]},"5":{"loc":{"start":{"line":70,"column":4},"end":{"line":70,"column":65}},"type":"if","locations":[{"start":{"line":70,"column":4},"end":{"line":70,"column":65}}]},"6":{"loc":{"start":{"line":71,"column":4},"end":{"line":71,"column":63}},"type":"if","locations":[{"start":{"line":71,"column":4},"end":{"line":71,"column":63}}]},"7":{"loc":{"start":{"line":77,"column":2},"end":{"line":77,"column":30}},"type":"if","locations":[{"start":{"line":77,"column":2},"end":{"line":77,"column":30}}]},"8":{"loc":{"start":{"line":84,"column":2},"end":{"line":84,"column":30}},"type":"if","locations":[{"start":{"line":84,"column":2},"end":{"line":84,"column":30}}]},"9":{"loc":{"start":{"line":107,"column":17},"end":{"line":107,"column":72}},"type":"cond-expr","locations":[{"start":{"line":107,"column":37},"end":{"line":107,"column":53}},{"start":{"line":107,"column":56},"end":{"line":107,"column":72}}]},"10":{"loc":{"start":{"line":122,"column":17},"end":{"line":122,"column":72}},"type":"cond-expr","locations":[{"start":{"line":122,"column":37},"end":{"line":122,"column":53}},{"start":{"line":122,"column":56},"end":{"line":122,"column":72}}]},"11":{"loc":{"start":{"line":135,"column":6},"end":{"line":135,"column":69}},"type":"cond-expr","locations":[{"start":{"line":135,"column":32},"end":{"line":135,"column":57}},{"start":{"line":135,"column":60},"end":{"line":135,"column":69}}]},"12":{"loc":{"start":{"line":137,"column":6},"end":{"line":137,"column":69}},"type":"cond-expr","locations":[{"start":{"line":137,"column":36},"end":{"line":137,"column":57}},{"start":{"line":137,"column":60},"end":{"line":137,"column":69}}]},"13":{"loc":{"start":{"line":142,"column":17},"end":{"line":142,"column":67}},"type":"cond-expr","locations":[{"start":{"line":142,"column":36},"end":{"line":142,"column":51}},{"start":{"line":142,"column":54},"end":{"line":142,"column":67}}]},"14":{"loc":{"start":{"line":154,"column":22},"end":{"line":154,"column":58}},"type":"cond-expr","locations":[{"start":{"line":154,"column":35},"end":{"line":154,"column":53}},{"start":{"line":154,"column":56},"end":{"line":154,"column":58}}]},"15":{"loc":{"start":{"line":172,"column":6},"end":{"line":172,"column":55}},"type":"if","locations":[{"start":{"line":172,"column":6},"end":{"line":172,"column":55}}]},"16":{"loc":{"start":{"line":212,"column":2},"end":{"line":212,"column":44}},"type":"if","locations":[{"start":{"line":212,"column":2},"end":{"line":212,"column":44}}]},"17":{"loc":{"start":{"line":213,"column":2},"end":{"line":213,"column":47}},"type":"if","locations":[{"start":{"line":213,"column":2},"end":{"line":213,"column":47}}]},"18":{"loc":{"start":{"line":214,"column":2},"end":{"line":214,"column":50}},"type":"if","locations":[{"start":{"line":214,"column":2},"end":{"line":214,"column":50}}]},"19":{"loc":{"start":{"line":216,"column":2},"end":{"line":216,"column":55}},"type":"if","locations":[{"start":{"line":216,"column":2},"end":{"line":216,"column":55}}]},"20":{"loc":{"start":{"line":217,"column":2},"end":{"line":217,"column":64}},"type":"if","locations":[{"start":{"line":217,"column":2},"end":{"line":217,"column":64}}]},"21":{"loc":{"start":{"line":218,"column":2},"end":{"line":219,"column":68}},"type":"if","locations":[{"start":{"line":218,"column":2},"end":{"line":219,"column":68}}]},"22":{"loc":{"start":{"line":222,"column":5},"end":{"line":222,"column":44}},"type":"cond-expr","locations":[{"start":{"line":222,"column":16},"end":{"line":222,"column":39}},{"start":{"line":222,"column":42},"end":{"line":222,"column":44}}]}},"s":{"0":1,"1":1,"2":1,"3":1,"4":1,"5":93,"6":86,"7":242,"8":83,"9":86,"10":86,"11":21,"12":65,"13":21,"14":3,"15":18,"16":10,"17":4,"18":6,"19":3,"20":0,"21":3,"22":3,"23":0,"24":21,"25":15,"26":6,"27":6,"28":7,"29":21,"30":15,"31":6,"32":6,"33":6,"34":7,"35":7,"36":7,"37":7,"38":7,"39":4,"40":4,"41":7,"42":4,"43":11,"44":11,"45":4,"46":11,"47":3,"48":3,"49":3,"50":3,"51":3,"52":4,"53":4,"54":6,"55":7,"56":3,"57":4,"58":6,"59":6,"60":6,"61":21,"62":21,"63":21,"64":21,"65":21,"66":21,"67":21,"68":3,"69":21,"70":7,"71":21,"72":4,"73":21,"74":2,"75":21,"76":2,"77":21,"78":2,"79":21,"80":21},"f":{"0":93,"1":86,"2":242,"3":83,"4":86,"5":21,"6":10,"7":3,"8":21,"9":6,"10":7,"11":21,"12":6,"13":6,"14":7,"15":7,"16":7,"17":4,"18":7,"19":11,"20":4,"21":3,"22":4,"23":6,"24":7,"25":6,"26":21,"27":21},"b":{"0":[21],"1":[3],"2":[21,19,18],"3":[4],"4":[10,9,8,8],"5":[0],"6":[3],"7":[15],"8":[15],"9":[7,0],"10":[0,7],"11":[2,9],"12":[2,9],"13":[0,4],"14":[3,0],"15":[3],"16":[3],"17":[7],"18":[4],"19":[2],"20":[2],"21":[2],"22":[6,15]}}
}
