TN:
SF:src/ast.ts
FN:26,framesToTime
FN:44,resolveTimingProps
FN:72,compileSpanChildren
FN:77,(anonymous_4)
FN:96,compilePChildren
FN:101,(anonymous_6)
FN:120,compileDivChildren
FN:125,(anonymous_8)
FN:151,compileSpan
FN:164,compileP
FN:178,compileDiv
FN:204,compileAgent
FN:213,compilePronunciation
FN:225,compileMetadataChildren
FN:230,(anonymous_15)
FN:246,compileMetadata
FN:253,compileHeadChildren
FN:256,(anonymous_18)
FN:269,compileHead
FN:294,compile
FN:309,(anonymous_21)
FNF:21
FNH:21
FNDA:10,framesToTime
FNDA:44,resolveTimingProps
FNDA:10,compileSpanChildren
FNDA:10,(anonymous_4)
FNDA:7,compilePChildren
FNDA:10,(anonymous_6)
FNDA:23,compileDivChildren
FNDA:10,(anonymous_8)
FNDA:10,compileSpan
FNDA:7,compileP
FNDA:27,compileDiv
FNDA:5,compileAgent
FNDA:5,compilePronunciation
FNDA:9,compileMetadataChildren
FNDA:10,(anonymous_15)
FNDA:9,compileMetadata
FNDA:10,compileHeadChildren
FNDA:9,(anonymous_18)
FNDA:10,compileHead
FNDA:44,compile
FNDA:39,(anonymous_21)
DA:6,2
DA:7,2
DA:27,10
DA:28,3
DA:32,7
DA:33,1
DA:37,6
DA:39,6
DA:40,6
DA:49,44
DA:58,44
DA:59,7
DA:65,37
DA:75,10
DA:77,10
DA:78,10
DA:80,10
DA:81,10
DA:82,10
DA:85,0
DA:87,0
DA:88,0
DA:89,0
DA:93,10
DA:99,7
DA:101,7
DA:102,10
DA:104,10
DA:105,0
DA:106,0
DA:109,10
DA:111,10
DA:112,10
DA:113,10
DA:117,7
DA:123,23
DA:125,23
DA:126,10
DA:127,10
DA:129,10
DA:131,10
DA:132,2
DA:137,8
DA:138,1
DA:139,7
DA:140,7
DA:144,21
DA:152,10
DA:153,10
DA:165,7
DA:166,7
DA:179,27
DA:181,23
DA:183,23
DA:189,23
DA:205,5
DA:216,5
DA:228,9
DA:230,9
DA:231,10
DA:232,10
DA:234,10
DA:236,10
DA:237,5
DA:238,5
DA:239,5
DA:243,9
DA:247,9
DA:254,10
DA:256,10
DA:257,9
DA:258,9
DA:260,9
DA:261,9
DA:262,9
DA:266,10
DA:270,10
DA:294,2
DA:297,44
DA:298,1
DA:303,43
DA:304,43
DA:307,43
DA:309,43
DA:310,39
DA:311,39
DA:313,39
DA:315,39
DA:316,11
DA:317,1
DA:321,10
DA:322,28
DA:323,2
DA:326,26
DA:327,26
DA:333,34
DA:335,34
LF:97
LH:91
BRDA:27,0,0,3
BRDA:27,1,0,10
BRDA:27,1,1,9
BRDA:32,2,0,1
BRDA:58,3,0,7
BRDA:58,4,0,44
BRDA:58,4,1,37
BRDA:58,4,2,7
BRDA:60,5,0,7
BRDA:60,5,1,0
BRDA:61,6,0,3
BRDA:61,6,1,0
BRDA:78,7,0,0
BRDA:78,8,0,10
BRDA:78,8,1,10
BRDA:80,9,0,10
BRDA:80,10,0,10
BRDA:80,10,1,0
BRDA:85,11,0,0
BRDA:88,12,0,0
BRDA:102,13,0,0
BRDA:102,14,0,10
BRDA:102,14,1,10
BRDA:104,15,0,0
BRDA:104,16,0,10
BRDA:104,16,1,10
BRDA:109,17,0,0
BRDA:112,18,0,10
BRDA:126,19,0,0
BRDA:126,20,0,10
BRDA:126,20,1,10
BRDA:127,21,0,0
BRDA:131,22,0,2
BRDA:131,23,0,10
BRDA:131,23,1,9
BRDA:133,24,0,1
BRDA:133,24,1,1
BRDA:137,25,0,1
BRDA:137,25,1,7
BRDA:139,26,0,7
BRDA:183,27,0,19
BRDA:183,27,1,4
BRDA:185,28,0,2
BRDA:185,28,1,2
BRDA:231,29,0,0
BRDA:231,30,0,10
BRDA:231,30,1,10
BRDA:232,31,0,0
BRDA:236,32,0,5
BRDA:236,32,1,5
BRDA:238,33,0,5
BRDA:257,34,0,0
BRDA:257,35,0,9
BRDA:257,35,1,9
BRDA:258,36,0,0
BRDA:261,37,0,9
BRDA:297,38,0,1
BRDA:310,39,0,0
BRDA:310,40,0,39
BRDA:310,40,1,39
BRDA:311,41,0,0
BRDA:315,42,0,11
BRDA:315,42,1,28
BRDA:316,43,0,1
BRDA:322,44,0,2
BRDA:322,44,1,26
BRDA:322,45,0,28
BRDA:322,45,1,27
BRDA:324,46,0,1
BRDA:324,46,1,1
BRDA:326,47,0,26
BRF:71
BRH:54
end_of_record
TN:
SF:src/components.tsx
FN:69,(anonymous_0)
FN:74,(anonymous_1)
FN:80,(anonymous_2)
FN:91,(anonymous_3)
FN:100,(anonymous_4)
FNF:5
FNH:0
FNDA:0,(anonymous_0)
FNDA:0,(anonymous_1)
FNDA:0,(anonymous_2)
FNDA:0,(anonymous_3)
FNDA:0,(anonymous_4)
DA:69,2
DA:74,2
DA:80,2
DA:82,2
DA:91,2
DA:100,2
LF:6
LH:6
BRF:0
BRH:0
end_of_record
TN:
SF:src/serializer.ts
FN:30,escape
FN:38,attrsToString
FN:40,(anonymous_2)
FN:41,(anonymous_3)
FN:45,element
FN:61,hasDaptAttributes
FN:66,divHasDaptAttributes
FN:69,(anonymous_7)
FN:76,hasRedubExtensions
FN:78,(anonymous_9)
FN:79,(anonymous_10)
FN:83,hasTtmMetadata
FN:85,(anonymous_12)
FN:86,(anonymous_13)
FN:94,serializeText
FN:98,serializeSpan
FN:107,(anonymous_16)
FN:112,serializeP
FN:122,(anonymous_18)
FN:127,serializeDiv
FN:142,(anonymous_20)
FN:147,serializeAgent
FN:159,serializePronunciation
FN:169,serializeMetadata
FN:171,(anonymous_24)
FN:179,serializeHead
FN:184,serializeBody
FN:202,serialize
FNF:28
FNH:28
FNDA:93,escape
FNDA:86,attrsToString
FNDA:242,(anonymous_2)
FNDA:83,(anonymous_3)
FNDA:86,element
FNDA:21,hasDaptAttributes
FNDA:10,divHasDaptAttributes
FNDA:3,(anonymous_7)
FNDA:21,hasRedubExtensions
FNDA:6,(anonymous_9)
FNDA:7,(anonymous_10)
FNDA:21,hasTtmMetadata
FNDA:6,(anonymous_12)
FNDA:6,(anonymous_13)
FNDA:7,serializeText
FNDA:7,serializeSpan
FNDA:7,(anonymous_16)
FNDA:4,serializeP
FNDA:7,(anonymous_18)
FNDA:11,serializeDiv
FNDA:4,(anonymous_20)
FNDA:3,serializeAgent
FNDA:4,serializePronunciation
FNDA:6,serializeMetadata
FNDA:7,(anonymous_24)
FNDA:6,serializeHead
FNDA:21,serializeBody
FNDA:21,serialize
DA:21,1
DA:22,1
DA:23,1
DA:24,1
DA:31,93
DA:39,86
DA:40,242
DA:41,83
DA:50,86
DA:51,86
DA:52,21
DA:54,65
DA:62,21
DA:63,18
DA:67,10
DA:68,4
DA:69,6
DA:70,3
DA:71,3
DA:72,0
DA:77,21
DA:78,6
DA:79,7
DA:84,21
DA:85,6
DA:86,6
DA:95,7
DA:99,7
DA:106,7
DA:107,7
DA:109,7
DA:113,4
DA:121,4
DA:122,7
DA:124,4
DA:128,11
DA:141,11
DA:142,4
DA:144,11
DA:148,3
DA:151,3
DA:154,3
DA:155,3
DA:156,3
DA:160,4
DA:166,4
DA:170,6
DA:172,7
DA:173,4
DA:176,6
DA:180,6
DA:181,6
DA:185,21
DA:186,21
DA:202,1
DA:203,21
DA:204,21
DA:205,21
DA:207,21
DA:212,21
DA:213,21
DA:214,21
DA:216,21
DA:217,21
DA:218,21
DA:219,2
DA:222,21
DA:224,21
LF:68
LH:67
BRDA:51,0,0,21
BRDA:62,1,0,3
BRDA:62,2,0,21
BRDA:62,2,1,19
BRDA:62,2,2,18
BRDA:67,3,0,4
BRDA:67,4,0,10
BRDA:67,4,1,9
BRDA:67,4,2,8
BRDA:67,4,3,8
BRDA:70,5,0,0
BRDA:71,6,0,3
BRDA:77,7,0,15
BRDA:84,8,0,15
BRDA:107,9,0,7
BRDA:107,9,1,0
BRDA:122,10,0,0
BRDA:122,10,1,7
BRDA:135,11,0,2
BRDA:135,11,1,9
BRDA:137,12,0,2
BRDA:137,12,1,9
BRDA:142,13,0,0
BRDA:142,13,1,4
BRDA:154,14,0,3
BRDA:154,14,1,0
BRDA:172,15,0,3
BRDA:212,16,0,3
BRDA:213,17,0,7
BRDA:214,18,0,4
BRDA:216,19,0,2
BRDA:217,20,0,2
BRDA:218,21,0,2
BRDA:222,22,0,6
BRDA:222,22,1,15
BRF:35
BRH:30
end_of_record
